7f45 4c46 0201 0100 0000 0000 0000 0000
0300 3e00 0100 0000 f008 0000 0000 0000
4000 0000 0000 0000 702b 0000 0000 0000
0000 0000 4000 3800 0900 4000 1d00 1c00
0600 0000 0400 0000 4000 0000 0000 0000
4000 0000 0000 0000 4000 0000 0000 0000
f801 0000 0000 0000 f801 0000 0000 0000
0800 0000 0000 0000 0300 0000 0400 0000
3802 0000 0000 0000 3802 0000 0000 0000
3802 0000 0000 0000 1c00 0000 0000 0000
1c00 0000 0000 0000 0100 0000 0000 0000
0100 0000 0500 0000 0000 0000 0000 0000
0000 0000 0000 0000 0000 0000 0000 0000
a00e 0000 0000 0000 a00e 0000 0000 0000
0000 2000 0000 0000 0100 0000 0600 0000
581d 0000 0000 0000 581d 2000 0000 0000
581d 2000 0000 0000 b802 0000 0000 0000
d802 0000 0000 0000 0000 2000 0000 0000
0200 0000 0600 0000 681d 0000 0000 0000
681d 2000 0000 0000 681d 2000 0000 0000
f001 0000 0000 0000 f001 0000 0000 0000
0800 0000 0000 0000 0400 0000 0400 0000
5402 0000 0000 0000 5402 0000 0000 0000
5402 0000 0000 0000 4400 0000 0000 0000
4400 0000 0000 0000 0400 0000 0000 0000
50e5 7464 0400 0000 380d 0000 0000 0000
380d 0000 0000 0000 380d 0000 0000 0000
4400 0000 0000 0000 4400 0000 0000 0000
0400 0000 0000 0000 51e5 7464 0600 0000
0000 0000 0000 0000 0000 0000 0000 0000
0000 0000 0000 0000 0000 0000 0000 0000
0000 0000 0000 0000 1000 0000 0000 0000
52e5 7464 0400 0000 581d 0000 0000 0000
581d 2000 0000 0000 581d 2000 0000 0000
a802 0000 0000 0000 a802 0000 0000 0000
0100 0000 0000 0000 2f6c 6962 3634 2f6c
642d 6c69 6e75 782d 7838 362d 3634 2e73
6f2e 3200 0400 0000 1000 0000 0100 0000
474e 5500 0000 0000 0300 0000 0200 0000
0000 0000 0400 0000 1400 0000 0300 0000
474e 5500 d45f 6407 1b64 a5af 15a2 3938
331c 8557 b90c 6980 0200 0000 1300 0000
0100 0000 0600 0000 8001 0000 0080 0002
0000 0000 1300 0000 ee21 630f 39f2 8b1c
0000 0000 0000 0000 0000 0000 0000 0000
0000 0000 0000 0000 8800 0000 2000 0000
0000 0000 0000 0000 0000 0000 0000 0000
4300 0000 1200 0000 0000 0000 0000 0000
0000 0000 0000 0000 1700 0000 1200 0000
0000 0000 0000 0000 0000 0000 0000 0000
4e00 0000 1200 0000 0000 0000 0000 0000
0000 0000 0000 0000 3000 0000 1200 0000
0000 0000 0000 0000 0000 0000 0000 0000
6a00 0000 1200 0000 0000 0000 0000 0000
0000 0000 0000 0000 a400 0000 2000 0000
0000 0000 0000 0000 0000 0000 0000 0000
2400 0000 1200 0000 0000 0000 0000 0000
0000 0000 0000 0000 2b00 0000 1200 0000
0000 0000 0000 0000 0000 0000 0000 0000
1d00 0000 1200 0000 0000 0000 0000 0000
0000 0000 0000 0000 3500 0000 1200 0000
0000 0000 0000 0000 0000 0000 0000 0000
5400 0000 1200 0000 0000 0000 0000 0000
0000 0000 0000 0000 4900 0000 1200 0000
0000 0000 0000 0000 0000 0000 0000 0000
1200 0000 1200 0000 0000 0000 0000 0000
0000 0000 0000 0000 4200 0000 1200 0000
0000 0000 0000 0000 0000 0000 0000 0000
b300 0000 2000 0000 0000 0000 0000 0000
0000 0000 0000 0000 5b00 0000 2200 0000
0000 0000 0000 0000 0000 0000 0000 0000
0b00 0000 1200 0000 0000 0000 0000 0000
0000 0000 0000 0000 1e00 0000 1200 0e00
fa09 0000 0000 0000 2200 0000 0000 0000
3b00 0000 1100 1800 2020 2000 0000 0000
0800 0000 0000 0000 006c 6962 632e 736f
2e36 0073 6f63 6b65 7400 6578 6974 0068
746f 6e73 0070 6572 726f 7200 6c69 7374
656e 0062 696e 6400 7265 6164 0062 7a65
726f 0073 7464 6572 7200 6677 7269 7465
0061 746f 6900 636c 6f73 6500 6163 6365
7074 005f 5f63 7861 5f66 696e 616c 697a
6500 5f5f 6c69 6263 5f73 7461 7274 5f6d
6169 6e00 474c 4942 435f 322e 322e 3500
5f49 544d 5f64 6572 6567 6973 7465 7254
4d43 6c6f 6e65 5461 626c 6500 5f5f 676d
6f6e 5f73 7461 7274 5f5f 005f 4954 4d5f
7265 6769 7374 6572 544d 436c 6f6e 6554
6162 6c65 0000 0000 0000 0200 0200 0200
0200 0200 0000 0200 0200 0200 0200 0200
0200 0200 0200 0000 0200 0200 0100 0200
0100 0100 0100 0000 1000 0000 0000 0000
751a 6909 0000 0200 7c00 0000 0000 0000
581d 2000 0000 0000 0800 0000 0000 0000
f009 0000 0000 0000 601d 2000 0000 0000
0800 0000 0000 0000 b009 0000 0000 0000
0820 2000 0000 0000 0800 0000 0000 0000
0820 2000 0000 0000 d81f 2000 0000 0000
0600 0000 0100 0000 0000 0000 0000 0000
e01f 2000 0000 0000 0600 0000 0600 0000
0000 0000 0000 0000 e81f 2000 0000 0000
0600 0000 0700 0000 0000 0000 0000 0000
f01f 2000 0000 0000 0600 0000 1000 0000
0000 0000 0000 0000 f81f 2000 0000 0000
0600 0000 1100 0000 0000 0000 0000 0000
2020 2000 0000 0000 0500 0000 1400 0000
0000 0000 0000 0000 701f 2000 0000 0000
0700 0000 0200 0000 0000 0000 0000 0000
781f 2000 0000 0000 0700 0000 0300 0000
0000 0000 0000 0000 801f 2000 0000 0000
0700 0000 0400 0000 0000 0000 0000 0000
881f 2000 0000 0000 0700 0000 0500 0000
0000 0000 0000 0000 901f 2000 0000 0000
0700 0000 0800 0000 0000 0000 0000 0000
981f 2000 0000 0000 0700 0000 0900 0000
0000 0000 0000 0000 a01f 2000 0000 0000
0700 0000 0a00 0000 0000 0000 0000 0000
a81f 2000 0000 0000 0700 0000 0b00 0000
0000 0000 0000 0000 b01f 2000 0000 0000
0700 0000 0c00 0000 0000 0000 0000 0000
b81f 2000 0000 0000 0700 0000 0d00 0000
0000 0000 0000 0000 c01f 2000 0000 0000
0700 0000 0e00 0000 0000 0000 0000 0000
c81f 2000 0000 0000 0700 0000 0f00 0000
0000 0000 0000 0000 d01f 2000 0000 0000
0700 0000 1200 0000 0000 0000 0000 0000
4883 ec08 488b 05fd 1720 0048 85c0 7402
ffd0 4883 c408 c300 0000 0000 0000 0000
ff35 5a17 2000 ff25 5c17 2000 0f1f 4000
ff25 5a17 2000 6800 0000 00e9 e0ff ffff
ff25 5217 2000 6801 0000 00e9 d0ff ffff
ff25 4a17 2000 6802 0000 00e9 c0ff ffff
ff25 4217 2000 6803 0000 00e9 b0ff ffff
ff25 3a17 2000 6804 0000 00e9 a0ff ffff
ff25 3217 2000 6805 0000 00e9 90ff ffff
ff25 2a17 2000 6806 0000 00e9 80ff ffff
ff25 2217 2000 6807 0000 00e9 70ff ffff
ff25 1a17 2000 6808 0000 00e9 60ff ffff
ff25 1217 2000 6809 0000 00e9 50ff ffff
ff25 0a17 2000 680a 0000 00e9 40ff ffff
ff25 0217 2000 680b 0000 00e9 30ff ffff
ff25 fa16 2000 680c 0000 00e9 20ff ffff
ff25 1217 2000 6690 0000 0000 0000 0000
31ed 4989 d15e 4889 e248 83e4 f050 544c
8d05 8a03 0000 488d 0d13 0300 0048 8d3d
0801 0000 ff15 c616 2000 f40f 1f44 0000
488d 3de9 1620 0055 488d 05e1 1620 0048
39f8 4889 e574 1948 8b05 9a16 2000 4885
c074 0d5d ffe0 662e 0f1f 8400 0000 0000
5dc3 0f1f 4000 662e 0f1f 8400 0000 0000
488d 3da9 1620 0048 8d35 a216 2000 5548
29fe 4889 e548 c1fe 0348 89f0 48c1 e83f
4801 c648 d1fe 7418 488b 0561 1620 0048
85c0 740c 5dff e066 0f1f 8400 0000 0000
5dc3 0f1f 4000 662e 0f1f 8400 0000 0000
803d 7116 2000 0075 2f48 833d 3716 2000
0055 4889 e574 0c48 8b3d 3a16 2000 e80d
ffff ffe8 48ff ffff c605 4916 2000 015d
c30f 1f80 0000 0000 f3c3 660f 1f44 0000
5548 89e5 5de9 66ff ffff 5548 89e5 4883
ec10 4889 7df8 488b 45f8 4889 c7e8 5efe
ffff bf01 0000 00e8 94fe ffff 5548 89e5
4881 ec60 0100 0089 bdac feff ff48 89b5
a0fe ffff 6448 8b04 2528 0000 0048 8945
f831 c083 bdac feff ff01 7f2a 488b 05cd
1520 0048 89c1 ba18 0000 00be 0100 0000
488d 3d3d 0200 00e8 54fe ffff bf01 0000
00e8 3afe ffff ba00 0000 00be 0100 0000
bf02 0000 00e8 46fe ffff 8985 c0fe ffff
83bd c0fe ffff 0079 0c48 8d3d 1d02 0000
e855 ffff ff48 8d85 d0fe ffff be10 0000
0048 89c7 e8c7 fdff ff48 8b85 a0fe ffff
4883 c008 488b 0048 89c7 e8d1 fdff ff89
85c4 feff ff66 c785 d0fe ffff 0200 c785
d4fe ffff 0000 0000 8b85 c4fe ffff 0fb7
c089 c7e8 28fd ffff 6689 85d2 feff ff48
8d8d d0fe ffff 8b85 c0fe ffff ba10 0000
0048 89ce 89c7 e845 fdff ff85 c079 0c48
8d3d ac01 0000 e8cf feff ff8b 85c0 feff
ffbe 0500 0000 89c7 e813 fdff ffc7 85bc
feff ff10 0000 0048 8d95 bcfe ffff 488d
8de0 feff ff8b 85c0 feff ff48 89ce 89c7
e82b fdff ff89 85c8 feff ff83 bdc8 feff
ff00 790c 488d 3d68 0100 00e8 7afe ffff
488d 85f0 feff ffbe 0001 0000 4889 c7e8
ecfc ffff 488d 8df0 feff ff8b 85c8 feff
ffba ff00 0000 4889 ce89 c7e8 90fc ffff
8985 ccfe ffff 83bd ccfe ffff 0079 0c48
8d3d 2d01 0000 e82f feff ff8b 85c8 feff
ffba 1200 0000 488d 3530 0100 0089 c7e8
2cfc ffff 8985 ccfe ffff 83bd ccfe ffff
0079 0c48 8d3d 2601 0000 e8fb fdff ff8b
85c8 feff ff89 c7e8 24fc ffff e936 ffff
ff66 2e0f 1f84 0000 0000 000f 1f44 0000
4157 4156 4989 d741 5541 544c 8d25 2611
2000 5548 8d2d 2611 2000 5341 89fd 4989
f64c 29e5 4883 ec08 48c1 fd03 e88f fbff
ff48 85ed 7420 31db 0f1f 8400 0000 0000
4c89 fa4c 89f6 4489 ef41 ff14 dc48 83c3
0148 39dd 75ea 4883 c408 5b5d 415c 415d
415e 415f c390 662e 0f1f 8400 0000 0000
f3c3 0000 4883 ec08 4883 c408 c300 0000
0100 0200 4552 524f 522c 206e 6f20 706f
7274 2070 726f 7669 6465 640a 0045 5252
4f52 206f 7065 6e69 6e67 2073 6f63 6b65
7400 4552 524f 5220 6f6e 2062 696e 6469
6e67 0045 5252 4f52 206f 6e20 6163 6365
7074 0045 5252 4f52 2072 6561 6469 6e67
2066 726f 6d20 736f 636b 6574 0049 2067
6f74 2079 6f75 7220 6d65 7373 6167 6500
4552 524f 5220 7772 6974 696e 6720 746f
2073 6f63 6b65 7400 011b 033b 4400 0000
0700 0000 c8fa ffff 9000 0000 a8fb ffff
b800 0000 b8fb ffff 6000 0000 c2fc ffff
d000 0000 e4fc ffff ec00 0000 e8fe ffff
0801 0000 58ff ffff 5001 0000 0000 0000
1400 0000 0000 0000 017a 5200 0178 1001
1b0c 0708 9001 0710 1400 0000 1c00 0000
50fb ffff 2b00 0000 0000 0000 0000 0000
1400 0000 0000 0000 017a 5200 0178 1001
1b0c 0708 9001 0000 2400 0000 1c00 0000
30fa ffff e000 0000 000e 1046 0e18 4a0f
0b77 0880 003f 1a3b 2a33 2422 0000 0000
1400 0000 4400 0000 e8fa ffff 0800 0000
0000 0000 0000 0000 1800 0000 5c00 0000
eafb ffff 2200 0000 0041 0e10 8602 430d
0600 0000 1800 0000 7800 0000 f0fb ffff
f501 0000 0041 0e10 8602 430d 0600 0000
4400 0000 9400 0000 d8fd ffff 6500 0000
0042 0e10 8f02 420e 188e 0345 0e20 8d04
420e 288c 0548 0e30 8606 480e 3883 074d
0e40 720e 3841 0e30 410e 2842 0e20 420e
1842 0e10 420e 0800 1000 0000 dc00 0000
00fe ffff 0200 0000 0000 0000 0000 0000
0000 0000 0000 0000 0000 0000 0000 0000
0000 0000 0000 0000 0000 0000 0000 0000
0000 0000 0000 0000 0000 0000 0000 0000
0000 0000 0000 0000 0000 0000 0000 0000
0000 0000 0000 0000 0000 0000 0000 0000
0000 0000 0000 0000 0000 0000 0000 0000
0000 0000 0000 0000 0000 0000 0000 0000
0000 0000 0000 0000 0000 0000 0000 0000
0000 0000 0000 0000 0000 0000 0000 0000
0000 0000 0000 0000 0000 0000 0000 0000
0000 0000 0000 0000 0000 0000 0000 0000
0000 0000 0000 0000 0000 0000 0000 0000
0000 0000 0000 0000 0000 0000 0000 0000
0000 0000 0000 0000 0000 0000 0000 0000
0000 0000 0000 0000 0000 0000 0000 0000
0000 0000 0000 0000 0000 0000 0000 0000
0000 0000 0000 0000 0000 0000 0000 0000
0000 0000 0000 0000 0000 0000 0000 0000
0000 0000 0000 0000 0000 0000 0000 0000
0000 0000 0000 0000 0000 0000 0000 0000
0000 0000 0000 0000 0000 0000 0000 0000
0000 0000 0000 0000 0000 0000 0000 0000
0000 0000 0000 0000 0000 0000 0000 0000
0000 0000 0000 0000 0000 0000 0000 0000
0000 0000 0000 0000 0000 0000 0000 0000
0000 0000 0000 0000 0000 0000 0000 0000
0000 0000 0000 0000 0000 0000 0000 0000
0000 0000 0000 0000 0000 0000 0000 0000
0000 0000 0000 0000 0000 0000 0000 0000
0000 0000 0000 0000 0000 0000 0000 0000
0000 0000 0000 0000 0000 0000 0000 0000
0000 0000 0000 0000 0000 0000 0000 0000
0000 0000 0000 0000 0000 0000 0000 0000
0000 0000 0000 0000 0000 0000 0000 0000
0000 0000 0000 0000 0000 0000 0000 0000
0000 0000 0000 0000 0000 0000 0000 0000
0000 0000 0000 0000 0000 0000 0000 0000
0000 0000 0000 0000 0000 0000 0000 0000
0000 0000 0000 0000 0000 0000 0000 0000
0000 0000 0000 0000 0000 0000 0000 0000
0000 0000 0000 0000 0000 0000 0000 0000
0000 0000 0000 0000 0000 0000 0000 0000
0000 0000 0000 0000 0000 0000 0000 0000
0000 0000 0000 0000 0000 0000 0000 0000
0000 0000 0000 0000 0000 0000 0000 0000
0000 0000 0000 0000 0000 0000 0000 0000
0000 0000 0000 0000 0000 0000 0000 0000
0000 0000 0000 0000 0000 0000 0000 0000
0000 0000 0000 0000 0000 0000 0000 0000
0000 0000 0000 0000 0000 0000 0000 0000
0000 0000 0000 0000 0000 0000 0000 0000
0000 0000 0000 0000 0000 0000 0000 0000
0000 0000 0000 0000 0000 0000 0000 0000
0000 0000 0000 0000 0000 0000 0000 0000
0000 0000 0000 0000 0000 0000 0000 0000
0000 0000 0000 0000 0000 0000 0000 0000
0000 0000 0000 0000 0000 0000 0000 0000
0000 0000 0000 0000 0000 0000 0000 0000
0000 0000 0000 0000 0000 0000 0000 0000
0000 0000 0000 0000 0000 0000 0000 0000
0000 0000 0000 0000 0000 0000 0000 0000
0000 0000 0000 0000 0000 0000 0000 0000
0000 0000 0000 0000 0000 0000 0000 0000
0000 0000 0000 0000 0000 0000 0000 0000
0000 0000 0000 0000 0000 0000 0000 0000
0000 0000 0000 0000 0000 0000 0000 0000
0000 0000 0000 0000 0000 0000 0000 0000
0000 0000 0000 0000 0000 0000 0000 0000
0000 0000 0000 0000 0000 0000 0000 0000
0000 0000 0000 0000 0000 0000 0000 0000
0000 0000 0000 0000 0000 0000 0000 0000
0000 0000 0000 0000 0000 0000 0000 0000
0000 0000 0000 0000 0000 0000 0000 0000
0000 0000 0000 0000 0000 0000 0000 0000
0000 0000 0000 0000 0000 0000 0000 0000
0000 0000 0000 0000 0000 0000 0000 0000
0000 0000 0000 0000 0000 0000 0000 0000
0000 0000 0000 0000 0000 0000 0000 0000
0000 0000 0000 0000 0000 0000 0000 0000
0000 0000 0000 0000 0000 0000 0000 0000
0000 0000 0000 0000 0000 0000 0000 0000
0000 0000 0000 0000 0000 0000 0000 0000
0000 0000 0000 0000 0000 0000 0000 0000
0000 0000 0000 0000 0000 0000 0000 0000
0000 0000 0000 0000 0000 0000 0000 0000
0000 0000 0000 0000 0000 0000 0000 0000
0000 0000 0000 0000 0000 0000 0000 0000
0000 0000 0000 0000 0000 0000 0000 0000
0000 0000 0000 0000 0000 0000 0000 0000
0000 0000 0000 0000 0000 0000 0000 0000
0000 0000 0000 0000 0000 0000 0000 0000
0000 0000 0000 0000 0000 0000 0000 0000
0000 0000 0000 0000 0000 0000 0000 0000
0000 0000 0000 0000 0000 0000 0000 0000
0000 0000 0000 0000 0000 0000 0000 0000
0000 0000 0000 0000 0000 0000 0000 0000
0000 0000 0000 0000 0000 0000 0000 0000
0000 0000 0000 0000 0000 0000 0000 0000
0000 0000 0000 0000 0000 0000 0000 0000
0000 0000 0000 0000 0000 0000 0000 0000
0000 0000 0000 0000 0000 0000 0000 0000
0000 0000 0000 0000 0000 0000 0000 0000
0000 0000 0000 0000 0000 0000 0000 0000
0000 0000 0000 0000 0000 0000 0000 0000
0000 0000 0000 0000 0000 0000 0000 0000
0000 0000 0000 0000 0000 0000 0000 0000
0000 0000 0000 0000 0000 0000 0000 0000
0000 0000 0000 0000 0000 0000 0000 0000
0000 0000 0000 0000 0000 0000 0000 0000
0000 0000 0000 0000 0000 0000 0000 0000
0000 0000 0000 0000 0000 0000 0000 0000
0000 0000 0000 0000 0000 0000 0000 0000
0000 0000 0000 0000 0000 0000 0000 0000
0000 0000 0000 0000 0000 0000 0000 0000
0000 0000 0000 0000 0000 0000 0000 0000
0000 0000 0000 0000 0000 0000 0000 0000
0000 0000 0000 0000 0000 0000 0000 0000
0000 0000 0000 0000 0000 0000 0000 0000
0000 0000 0000 0000 0000 0000 0000 0000
0000 0000 0000 0000 0000 0000 0000 0000
0000 0000 0000 0000 0000 0000 0000 0000
0000 0000 0000 0000 0000 0000 0000 0000
0000 0000 0000 0000 0000 0000 0000 0000
0000 0000 0000 0000 0000 0000 0000 0000
0000 0000 0000 0000 0000 0000 0000 0000
0000 0000 0000 0000 0000 0000 0000 0000
0000 0000 0000 0000 0000 0000 0000 0000
0000 0000 0000 0000 0000 0000 0000 0000
0000 0000 0000 0000 0000 0000 0000 0000
0000 0000 0000 0000 0000 0000 0000 0000
0000 0000 0000 0000 0000 0000 0000 0000
0000 0000 0000 0000 0000 0000 0000 0000
0000 0000 0000 0000 0000 0000 0000 0000
0000 0000 0000 0000 0000 0000 0000 0000
0000 0000 0000 0000 0000 0000 0000 0000
0000 0000 0000 0000 0000 0000 0000 0000
0000 0000 0000 0000 0000 0000 0000 0000
0000 0000 0000 0000 0000 0000 0000 0000
0000 0000 0000 0000 0000 0000 0000 0000
0000 0000 0000 0000 0000 0000 0000 0000
0000 0000 0000 0000 0000 0000 0000 0000
0000 0000 0000 0000 0000 0000 0000 0000
0000 0000 0000 0000 0000 0000 0000 0000
0000 0000 0000 0000 0000 0000 0000 0000
0000 0000 0000 0000 0000 0000 0000 0000
0000 0000 0000 0000 0000 0000 0000 0000
0000 0000 0000 0000 0000 0000 0000 0000
0000 0000 0000 0000 0000 0000 0000 0000
0000 0000 0000 0000 0000 0000 0000 0000
0000 0000 0000 0000 0000 0000 0000 0000
0000 0000 0000 0000 0000 0000 0000 0000
0000 0000 0000 0000 0000 0000 0000 0000
0000 0000 0000 0000 0000 0000 0000 0000
0000 0000 0000 0000 0000 0000 0000 0000
0000 0000 0000 0000 0000 0000 0000 0000
0000 0000 0000 0000 0000 0000 0000 0000
0000 0000 0000 0000 0000 0000 0000 0000
0000 0000 0000 0000 0000 0000 0000 0000
0000 0000 0000 0000 0000 0000 0000 0000
0000 0000 0000 0000 0000 0000 0000 0000
0000 0000 0000 0000 0000 0000 0000 0000
0000 0000 0000 0000 0000 0000 0000 0000
0000 0000 0000 0000 0000 0000 0000 0000
0000 0000 0000 0000 0000 0000 0000 0000
0000 0000 0000 0000 0000 0000 0000 0000
0000 0000 0000 0000 0000 0000 0000 0000
0000 0000 0000 0000 0000 0000 0000 0000
0000 0000 0000 0000 0000 0000 0000 0000
0000 0000 0000 0000 0000 0000 0000 0000
0000 0000 0000 0000 0000 0000 0000 0000
0000 0000 0000 0000 0000 0000 0000 0000
0000 0000 0000 0000 0000 0000 0000 0000
0000 0000 0000 0000 0000 0000 0000 0000
0000 0000 0000 0000 0000 0000 0000 0000
0000 0000 0000 0000 0000 0000 0000 0000
0000 0000 0000 0000 0000 0000 0000 0000
0000 0000 0000 0000 0000 0000 0000 0000
0000 0000 0000 0000 0000 0000 0000 0000
0000 0000 0000 0000 0000 0000 0000 0000
0000 0000 0000 0000 0000 0000 0000 0000
0000 0000 0000 0000 0000 0000 0000 0000
0000 0000 0000 0000 0000 0000 0000 0000
0000 0000 0000 0000 0000 0000 0000 0000
0000 0000 0000 0000 0000 0000 0000 0000
0000 0000 0000 0000 0000 0000 0000 0000
0000 0000 0000 0000 0000 0000 0000 0000
0000 0000 0000 0000 0000 0000 0000 0000
0000 0000 0000 0000 0000 0000 0000 0000
0000 0000 0000 0000 0000 0000 0000 0000
0000 0000 0000 0000 0000 0000 0000 0000
0000 0000 0000 0000 0000 0000 0000 0000
0000 0000 0000 0000 0000 0000 0000 0000
0000 0000 0000 0000 0000 0000 0000 0000
0000 0000 0000 0000 0000 0000 0000 0000
0000 0000 0000 0000 0000 0000 0000 0000
0000 0000 0000 0000 0000 0000 0000 0000
0000 0000 0000 0000 0000 0000 0000 0000
0000 0000 0000 0000 0000 0000 0000 0000
0000 0000 0000 0000 0000 0000 0000 0000
0000 0000 0000 0000 0000 0000 0000 0000
0000 0000 0000 0000 0000 0000 0000 0000
0000 0000 0000 0000 0000 0000 0000 0000
0000 0000 0000 0000 0000 0000 0000 0000
0000 0000 0000 0000 0000 0000 0000 0000
0000 0000 0000 0000 0000 0000 0000 0000
0000 0000 0000 0000 0000 0000 0000 0000
0000 0000 0000 0000 0000 0000 0000 0000
0000 0000 0000 0000 0000 0000 0000 0000
0000 0000 0000 0000 0000 0000 0000 0000
0000 0000 0000 0000 0000 0000 0000 0000
0000 0000 0000 0000 0000 0000 0000 0000
0000 0000 0000 0000 0000 0000 0000 0000
0000 0000 0000 0000 0000 0000 0000 0000
0000 0000 0000 0000 0000 0000 0000 0000
0000 0000 0000 0000 0000 0000 0000 0000
0000 0000 0000 0000 0000 0000 0000 0000
0000 0000 0000 0000 0000 0000 0000 0000
0000 0000 0000 0000 0000 0000 0000 0000
0000 0000 0000 0000 0000 0000 0000 0000
0000 0000 0000 0000 0000 0000 0000 0000
0000 0000 0000 0000 0000 0000 0000 0000
0000 0000 0000 0000 0000 0000 0000 0000
0000 0000 0000 0000 0000 0000 0000 0000
0000 0000 0000 0000 0000 0000 0000 0000
0000 0000 0000 0000 0000 0000 0000 0000
0000 0000 0000 0000 0000 0000 0000 0000
0000 0000 0000 0000 0000 0000 0000 0000
0000 0000 0000 0000 0000 0000 0000 0000
0000 0000 0000 0000 0000 0000 0000 0000
0000 0000 0000 0000 0000 0000 0000 0000
0000 0000 0000 0000 0000 0000 0000 0000
0000 0000 0000 0000 0000 0000 0000 0000
0000 0000 0000 0000 0000 0000 0000 0000
0000 0000 0000 0000 0000 0000 0000 0000
0000 0000 0000 0000 0000 0000 0000 0000
0000 0000 0000 0000 f009 0000 0000 0000
b009 0000 0000 0000 0100 0000 0000 0000
0100 0000 0000 0000 0c00 0000 0000 0000
e007 0000 0000 0000 0d00 0000 0000 0000
940c 0000 0000 0000 1900 0000 0000 0000
581d 2000 0000 0000 1b00 0000 0000 0000
0800 0000 0000 0000 1a00 0000 0000 0000
601d 2000 0000 0000 1c00 0000 0000 0000
0800 0000 0000 0000 f5fe ff6f 0000 0000
9802 0000 0000 0000 0500 0000 0000 0000
b804 0000 0000 0000 0600 0000 0000 0000
c002 0000 0000 0000 0a00 0000 0000 0000
cd00 0000 0000 0000 0b00 0000 0000 0000
1800 0000 0000 0000 1500 0000 0000 0000
0000 0000 0000 0000 0300 0000 0000 0000
581f 2000 0000 0000 0200 0000 0000 0000
3801 0000 0000 0000 1400 0000 0000 0000
0700 0000 0000 0000 1700 0000 0000 0000
a806 0000 0000 0000 0700 0000 0000 0000
d005 0000 0000 0000 0800 0000 0000 0000
d800 0000 0000 0000 0900 0000 0000 0000
1800 0000 0000 0000 1e00 0000 0000 0000
0800 0000 0000 0000 fbff ff6f 0000 0000
0100 0008 0000 0000 feff ff6f 0000 0000
b005 0000 0000 0000 ffff ff6f 0000 0000
0100 0000 0000 0000 f0ff ff6f 0000 0000
8605 0000 0000 0000 f9ff ff6f 0000 0000
0300 0000 0000 0000 0000 0000 0000 0000
0000 0000 0000 0000 0000 0000 0000 0000
0000 0000 0000 0000 0000 0000 0000 0000
0000 0000 0000 0000 0000 0000 0000 0000
0000 0000 0000 0000 0000 0000 0000 0000
0000 0000 0000 0000 681d 2000 0000 0000
0000 0000 0000 0000 0000 0000 0000 0000
1608 0000 0000 0000 2608 0000 0000 0000
3608 0000 0000 0000 4608 0000 0000 0000
5608 0000 0000 0000 6608 0000 0000 0000
7608 0000 0000 0000 8608 0000 0000 0000
9608 0000 0000 0000 a608 0000 0000 0000
b608 0000 0000 0000 c608 0000 0000 0000
d608 0000 0000 0000 0000 0000 0000 0000
0000 0000 0000 0000 0000 0000 0000 0000
0000 0000 0000 0000 0000 0000 0000 0000
0000 0000 0000 0000 0820 2000 0000 0000
4743 433a 2028 5562 756e 7475 2037 2e35
2e30 2d33 7562 756e 7475 317e 3138 2e30
3429 2037 2e35 2e30 0000 0000 0000 0000
0000 0000 0000 0000 0000 0000 0000 0000
0000 0000 0000 0000 0000 0000 0300 0100
3802 0000 0000 0000 0000 0000 0000 0000
0000 0000 0300 0200 5402 0000 0000 0000
0000 0000 0000 0000 0000 0000 0300 0300
7402 0000 0000 0000 0000 0000 0000 0000
0000 0000 0300 0400 9802 0000 0000 0000
0000 0000 0000 0000 0000 0000 0300 0500
c002 0000 0000 0000 0000 0000 0000 0000
0000 0000 0300 0600 b804 0000 0000 0000
0000 0000 0000 0000 0000 0000 0300 0700
8605 0000 0000 0000 0000 0000 0000 0000
0000 0000 0300 0800 b005 0000 0000 0000
0000 0000 0000 0000 0000 0000 0300 0900
d005 0000 0000 0000 0000 0000 0000 0000
0000 0000 0300 0a00 a806 0000 0000 0000
0000 0000 0000 0000 0000 0000 0300 0b00
e007 0000 0000 0000 0000 0000 0000 0000
0000 0000 0300 0c00 0008 0000 0000 0000
0000 0000 0000 0000 0000 0000 0300 0d00
e008 0000 0000 0000 0000 0000 0000 0000
0000 0000 0300 0e00 f008 0000 0000 0000
0000 0000 0000 0000 0000 0000 0300 0f00
940c 0000 0000 0000 0000 0000 0000 0000
0000 0000 0300 1000 a00c 0000 0000 0000
0000 0000 0000 0000 0000 0000 0300 1100
380d 0000 0000 0000 0000 0000 0000 0000
0000 0000 0300 1200 800d 0000 0000 0000
0000 0000 0000 0000 0000 0000 0300 1300
581d 2000 0000 0000 0000 0000 0000 0000
0000 0000 0300 1400 601d 2000 0000 0000
0000 0000 0000 0000 0000 0000 0300 1500
681d 2000 0000 0000 0000 0000 0000 0000
0000 0000 0300 1600 581f 2000 0000 0000
0000 0000 0000 0000 0000 0000 0300 1700
0020 2000 0000 0000 0000 0000 0000 0000
0000 0000 0300 1800 2020 2000 0000 0000
0000 0000 0000 0000 0000 0000 0300 1900
0000 0000 0000 0000 0000 0000 0000 0000
0100 0000 0400 f1ff 0000 0000 0000 0000
0000 0000 0000 0000 0c00 0000 0200 0e00
2009 0000 0000 0000 0000 0000 0000 0000
0e00 0000 0200 0e00 6009 0000 0000 0000
0000 0000 0000 0000 2100 0000 0200 0e00
b009 0000 0000 0000 0000 0000 0000 0000
3700 0000 0100 1800 2820 2000 0000 0000
0100 0000 0000 0000 4600 0000 0100 1400
601d 2000 0000 0000 0000 0000 0000 0000
6d00 0000 0200 0e00 f009 0000 0000 0000
0000 0000 0000 0000 7900 0000 0100 1300
581d 2000 0000 0000 0000 0000 0000 0000
9800 0000 0400 f1ff 0000 0000 0000 0000
0000 0000 0000 0000 0100 0000 0400 f1ff
0000 0000 0000 0000 0000 0000 0000 0000
a500 0000 0100 1200 9c0e 0000 0000 0000
0000 0000 0000 0000 0000 0000 0400 f1ff
0000 0000 0000 0000 0000 0000 0000 0000
b300 0000 0000 1300 601d 2000 0000 0000
0000 0000 0000 0000 c400 0000 0100 1500
681d 2000 0000 0000 0000 0000 0000 0000
cd00 0000 0000 1300 581d 2000 0000 0000
0000 0000 0000 0000 e000 0000 0000 1100
380d 0000 0000 0000 0000 0000 0000 0000
f300 0000 0100 1600 581f 2000 0000 0000
0000 0000 0000 0000 0901 0000 1200 0e00
900c 0000 0000 0000 0200 0000 0000 0000
1901 0000 2000 0000 0000 0000 0000 0000
0000 0000 0000 0000 9b01 0000 2000 1700
0020 2000 0000 0000 0000 0000 0000 0000
7802 0000 1200 0000 0000 0000 0000 0000
0000 0000 0000 0000 3501 0000 1000 1700
1020 2000 0000 0000 0000 0000 0000 0000
3c01 0000 1200 0e00 fa09 0000 0000 0000
2200 0000 0000 0000 1301 0000 1200 0f00
940c 0000 0000 0000 0000 0000 0000 0000
4201 0000 1200 0000 0000 0000 0000 0000
0000 0000 0000 0000 5501 0000 1200 0000
0000 0000 0000 0000 0000 0000 0000 0000
6801 0000 1200 0000 0000 0000 0000 0000
0000 0000 0000 0000 7a01 0000 1200 0000
0000 0000 0000 0000 0000 0000 0000 0000
9901 0000 1000 1700 0020 2000 0000 0000
0000 0000 0000 0000 a601 0000 2000 0000
0000 0000 0000 0000 0000 0000 0000 0000
b501 0000 1102 1700 0820 2000 0000 0000
0000 0000 0000 0000 c201 0000 1100 1000
a00c 0000 0000 0000 0400 0000 0000 0000
d101 0000 1200 0e00 200c 0000 0000 0000
6500 0000 0000 0000 e101 0000 1200 0000
0000 0000 0000 0000 0000 0000 0000 0000
bf00 0000 1000 1800 3020 2000 0000 0000
0000 0000 0000 0000 9f01 0000 1200 0e00
f008 0000 0000 0000 2b00 0000 0000 0000
f501 0000 1000 1800 1020 2000 0000 0000
0000 0000 0000 0000 0102 0000 1200 0e00
1c0a 0000 0000 0000 f501 0000 0000 0000
0602 0000 1200 0000 0000 0000 0000 0000
0000 0000 0000 0000 1802 0000 1200 0000
0000 0000 0000 0000 0000 0000 0000 0000
2c02 0000 1200 0000 0000 0000 0000 0000
0000 0000 0000 0000 3f02 0000 1200 0000
0000 0000 0000 0000 0000 0000 0000 0000
5302 0000 1200 0000 0000 0000 0000 0000
0000 0000 0000 0000 6502 0000 1200 0000
0000 0000 0000 0000 0000 0000 0000 0000
7702 0000 1200 0000 0000 0000 0000 0000
0000 0000 0000 0000 8b02 0000 1102 1700
1020 2000 0000 0000 0000 0000 0000 0000
9702 0000 2000 0000 0000 0000 0000 0000
0000 0000 0000 0000 b102 0000 2200 0000
0000 0000 0000 0000 0000 0000 0000 0000
db01 0000 1200 0b00 e007 0000 0000 0000
0000 0000 0000 0000 cd02 0000 1100 1800
2020 2000 0000 0000 0800 0000 0000 0000
e102 0000 1200 0000 0000 0000 0000 0000
0000 0000 0000 0000 0063 7274 7374 7566
662e 6300 6465 7265 6769 7374 6572 5f74
6d5f 636c 6f6e 6573 005f 5f64 6f5f 676c
6f62 616c 5f64 746f 7273 5f61 7578 0063
6f6d 706c 6574 6564 2e37 3639 3800 5f5f
646f 5f67 6c6f 6261 6c5f 6474 6f72 735f
6175 785f 6669 6e69 5f61 7272 6179 5f65
6e74 7279 0066 7261 6d65 5f64 756d 6d79
005f 5f66 7261 6d65 5f64 756d 6d79 5f69
6e69 745f 6172 7261 795f 656e 7472 7900
7463 705f 7365 7276 6572 2e63 005f 5f46
5241 4d45 5f45 4e44 5f5f 005f 5f69 6e69
745f 6172 7261 795f 656e 6400 5f44 594e
414d 4943 005f 5f69 6e69 745f 6172 7261
795f 7374 6172 7400 5f5f 474e 555f 4548
5f46 5241 4d45 5f48 4452 005f 474c 4f42
414c 5f4f 4646 5345 545f 5441 424c 455f
005f 5f6c 6962 635f 6373 755f 6669 6e69
005f 4954 4d5f 6465 7265 6769 7374 6572
544d 436c 6f6e 6554 6162 6c65 005f 6564
6174 6100 6572 726f 7200 6874 6f6e 7340
4047 4c49 4243 5f32 2e32 2e35 0063 6c6f
7365 4040 474c 4942 435f 322e 322e 3500
7265 6164 4040 474c 4942 435f 322e 322e
3500 5f5f 6c69 6263 5f73 7461 7274 5f6d
6169 6e40 4047 4c49 4243 5f32 2e32 2e35
005f 5f64 6174 615f 7374 6172 7400 5f5f
676d 6f6e 5f73 7461 7274 5f5f 005f 5f64
736f 5f68 616e 646c 6500 5f49 4f5f 7374
6469 6e5f 7573 6564 005f 5f6c 6962 635f
6373 755f 696e 6974 006c 6973 7465 6e40
4047 4c49 4243 5f32 2e32 2e35 005f 5f62
7373 5f73 7461 7274 006d 6169 6e00 6269
6e64 4040 474c 4942 435f 322e 322e 3500
7065 7272 6f72 4040 474c 4942 435f 322e
322e 3500 627a 6572 6f40 4047 4c49 4243
5f32 2e32 2e35 0061 6363 6570 7440 4047
4c49 4243 5f32 2e32 2e35 0061 746f 6940
4047 4c49 4243 5f32 2e32 2e35 0065 7869
7440 4047 4c49 4243 5f32 2e32 2e35 0066
7772 6974 6540 4047 4c49 4243 5f32 2e32
2e35 005f 5f54 4d43 5f45 4e44 5f5f 005f
4954 4d5f 7265 6769 7374 6572 544d 436c
6f6e 6554 6162 6c65 005f 5f63 7861 5f66
696e 616c 697a 6540 4047 4c49 4243 5f32
2e32 2e35 0073 7464 6572 7240 4047 4c49
4243 5f32 2e32 2e35 0073 6f63 6b65 7440
4047 4c49 4243 5f32 2e32 2e35 0000 2e73
796d 7461 6200 2e73 7472 7461 6200 2e73
6873 7472 7461 6200 2e69 6e74 6572 7000
2e6e 6f74 652e 4142 492d 7461 6700 2e6e
6f74 652e 676e 752e 6275 696c 642d 6964
002e 676e 752e 6861 7368 002e 6479 6e73
796d 002e 6479 6e73 7472 002e 676e 752e
7665 7273 696f 6e00 2e67 6e75 2e76 6572
7369 6f6e 5f72 002e 7265 6c61 2e64 796e
002e 7265 6c61 2e70 6c74 002e 696e 6974
002e 706c 742e 676f 7400 2e74 6578 7400
2e66 696e 6900 2e72 6f64 6174 6100 2e65
685f 6672 616d 655f 6864 7200 2e65 685f
6672 616d 6500 2e69 6e69 745f 6172 7261
7900 2e66 696e 695f 6172 7261 7900 2e64
796e 616d 6963 002e 6461 7461 002e 6273
7300 2e63 6f6d 6d65 6e74 0000 0000 0000
0000 0000 0000 0000 0000 0000 0000 0000
0000 0000 0000 0000 0000 0000 0000 0000
0000 0000 0000 0000 0000 0000 0000 0000
0000 0000 0000 0000 0000 0000 0000 0000
1b00 0000 0100 0000 0200 0000 0000 0000
3802 0000 0000 0000 3802 0000 0000 0000
1c00 0000 0000 0000 0000 0000 0000 0000
0100 0000 0000 0000 0000 0000 0000 0000
2300 0000 0700 0000 0200 0000 0000 0000
5402 0000 0000 0000 5402 0000 0000 0000
2000 0000 0000 0000 0000 0000 0000 0000
0400 0000 0000 0000 0000 0000 0000 0000
3100 0000 0700 0000 0200 0000 0000 0000
7402 0000 0000 0000 7402 0000 0000 0000
2400 0000 0000 0000 0000 0000 0000 0000
0400 0000 0000 0000 0000 0000 0000 0000
4400 0000 f6ff ff6f 0200 0000 0000 0000
9802 0000 0000 0000 9802 0000 0000 0000
2800 0000 0000 0000 0500 0000 0000 0000
0800 0000 0000 0000 0000 0000 0000 0000
4e00 0000 0b00 0000 0200 0000 0000 0000
c002 0000 0000 0000 c002 0000 0000 0000
f801 0000 0000 0000 0600 0000 0100 0000
0800 0000 0000 0000 1800 0000 0000 0000
5600 0000 0300 0000 0200 0000 0000 0000
b804 0000 0000 0000 b804 0000 0000 0000
cd00 0000 0000 0000 0000 0000 0000 0000
0100 0000 0000 0000 0000 0000 0000 0000
5e00 0000 ffff ff6f 0200 0000 0000 0000
8605 0000 0000 0000 8605 0000 0000 0000
2a00 0000 0000 0000 0500 0000 0000 0000
0200 0000 0000 0000 0200 0000 0000 0000
6b00 0000 feff ff6f 0200 0000 0000 0000
b005 0000 0000 0000 b005 0000 0000 0000
2000 0000 0000 0000 0600 0000 0100 0000
0800 0000 0000 0000 0000 0000 0000 0000
7a00 0000 0400 0000 0200 0000 0000 0000
d005 0000 0000 0000 d005 0000 0000 0000
d800 0000 0000 0000 0500 0000 0000 0000
0800 0000 0000 0000 1800 0000 0000 0000
8400 0000 0400 0000 4200 0000 0000 0000
a806 0000 0000 0000 a806 0000 0000 0000
3801 0000 0000 0000 0500 0000 1600 0000
0800 0000 0000 0000 1800 0000 0000 0000
8e00 0000 0100 0000 0600 0000 0000 0000
e007 0000 0000 0000 e007 0000 0000 0000
1700 0000 0000 0000 0000 0000 0000 0000
0400 0000 0000 0000 0000 0000 0000 0000
8900 0000 0100 0000 0600 0000 0000 0000
0008 0000 0000 0000 0008 0000 0000 0000
e000 0000 0000 0000 0000 0000 0000 0000
1000 0000 0000 0000 1000 0000 0000 0000
9400 0000 0100 0000 0600 0000 0000 0000
e008 0000 0000 0000 e008 0000 0000 0000
0800 0000 0000 0000 0000 0000 0000 0000
0800 0000 0000 0000 0800 0000 0000 0000
9d00 0000 0100 0000 0600 0000 0000 0000
f008 0000 0000 0000 f008 0000 0000 0000
a203 0000 0000 0000 0000 0000 0000 0000
1000 0000 0000 0000 0000 0000 0000 0000
a300 0000 0100 0000 0600 0000 0000 0000
940c 0000 0000 0000 940c 0000 0000 0000
0900 0000 0000 0000 0000 0000 0000 0000
0400 0000 0000 0000 0000 0000 0000 0000
a900 0000 0100 0000 0200 0000 0000 0000
a00c 0000 0000 0000 a00c 0000 0000 0000
9800 0000 0000 0000 0000 0000 0000 0000
0400 0000 0000 0000 0000 0000 0000 0000
b100 0000 0100 0000 0200 0000 0000 0000
380d 0000 0000 0000 380d 0000 0000 0000
4400 0000 0000 0000 0000 0000 0000 0000
0400 0000 0000 0000 0000 0000 0000 0000
bf00 0000 0100 0000 0200 0000 0000 0000
800d 0000 0000 0000 800d 0000 0000 0000
2001 0000 0000 0000 0000 0000 0000 0000
0800 0000 0000 0000 0000 0000 0000 0000
c900 0000 0e00 0000 0300 0000 0000 0000
581d 2000 0000 0000 581d 0000 0000 0000
0800 0000 0000 0000 0000 0000 0000 0000
0800 0000 0000 0000 0800 0000 0000 0000
d500 0000 0f00 0000 0300 0000 0000 0000
601d 2000 0000 0000 601d 0000 0000 0000
0800 0000 0000 0000 0000 0000 0000 0000
0800 0000 0000 0000 0800 0000 0000 0000
e100 0000 0600 0000 0300 0000 0000 0000
681d 2000 0000 0000 681d 0000 0000 0000
f001 0000 0000 0000 0600 0000 0000 0000
0800 0000 0000 0000 1000 0000 0000 0000
9800 0000 0100 0000 0300 0000 0000 0000
581f 2000 0000 0000 581f 0000 0000 0000
a800 0000 0000 0000 0000 0000 0000 0000
0800 0000 0000 0000 0800 0000 0000 0000
ea00 0000 0100 0000 0300 0000 0000 0000
0020 2000 0000 0000 0020 0000 0000 0000
1000 0000 0000 0000 0000 0000 0000 0000
0800 0000 0000 0000 0000 0000 0000 0000
f000 0000 0800 0000 0300 0000 0000 0000
2020 2000 0000 0000 1020 0000 0000 0000
1000 0000 0000 0000 0000 0000 0000 0000
2000 0000 0000 0000 0000 0000 0000 0000
f500 0000 0100 0000 3000 0000 0000 0000
0000 0000 0000 0000 1020 0000 0000 0000
2900 0000 0000 0000 0000 0000 0000 0000
0100 0000 0000 0000 0100 0000 0000 0000
0100 0000 0200 0000 0000 0000 0000 0000
0000 0000 0000 0000 4020 0000 0000 0000
3807 0000 0000 0000 1b00 0000 2b00 0000
0800 0000 0000 0000 1800 0000 0000 0000
0900 0000 0300 0000 0000 0000 0000 0000
0000 0000 0000 0000 7827 0000 0000 0000
f502 0000 0000 0000 0000 0000 0000 0000
0100 0000 0000 0000 0000 0000 0000 0000
1100 0000 0300 0000 0000 0000 0000 0000
0000 0000 0000 0000 6d2a 0000 0000 0000
fe00 0000 0000 0000 0000 0000 0000 0000
0100 0000 0000 0000 0000 0000 0000 0000

